<?xml version="1.0" encoding="UTF-8"?>
<!-- Generated by org.testng.reporters.JUnitReportReporter -->
<testsuite hostname="Rahul" failures="0" tests="1" name="SerializationJavaObjectToJSON.ITextContextTest" time="0.013" errors="0" timestamp="2024-06-22T17:32:52 IST" skipped="0">
  <testcase classname="SerializationJavaObjectToJSON.ITextContextTest" name="testMethod" time="0.013"/>
</testsuite> <!-- SerializationJavaObjectToJSON.ITextContextTest -->
